2014-09-15 09:53:00,573 - [INFO] - from play in pool-4-thread-3 
Listening for HTTP on /0:0:0:0:0:0:0:0:9000

2014-09-15 09:53:14,696 - [DEBUG] - from play in play-internal-execution-context-1 
Plugin [play.api.db.BoneCPPlugin] is disabled

2014-09-15 09:53:14,711 - [DEBUG] - from play in play-internal-execution-context-1 
Plugin [play.api.db.evolutions.EvolutionsPlugin] is disabled

2014-09-15 09:53:15,221 - [DEBUG] - from net.sf.ehcache.config.ConfigurationFactory in play-internal-execution-context-1 
Configuring ehcache from URL: jar:file:/opt/play-2.2.2/repository/local/com.typesafe.play/play-cache_2.10/2.2.2/jars/play-cache_2.10.jar!/ehcache-default.xml

2014-09-15 09:53:15,222 - [DEBUG] - from net.sf.ehcache.config.ConfigurationFactory in play-internal-execution-context-1 
Configuring ehcache from InputStream

2014-09-15 09:53:15,231 - [DEBUG] - from net.sf.ehcache.config.BeanHandler in play-internal-execution-context-1 
Ignoring ehcache attribute xmlns:xsi

2014-09-15 09:53:15,231 - [DEBUG] - from net.sf.ehcache.config.BeanHandler in play-internal-execution-context-1 
Ignoring ehcache attribute xsi:noNamespaceSchemaLocation

2014-09-15 09:53:15,257 - [DEBUG] - from net.sf.ehcache.CacheManager in play-internal-execution-context-1 
Creating new CacheManager with config URL: jar:file:/opt/play-2.2.2/repository/local/com.typesafe.play/play-cache_2.10/2.2.2/jars/play-cache_2.10.jar!/ehcache-default.xml

2014-09-15 09:53:15,262 - [DEBUG] - from net.sf.ehcache.util.PropertyUtil in play-internal-execution-context-1 
propertiesString is null.

2014-09-15 09:53:15,271 - [DEBUG] - from net.sf.ehcache.config.ConfigurationHelper in play-internal-execution-context-1 
No CacheManagerEventListenerFactory class specified. Skipping...

2014-09-15 09:53:15,284 - [DEBUG] - from net.sf.ehcache.Cache in play-internal-execution-context-1 
No BootstrapCacheLoaderFactory class specified. Skipping...

2014-09-15 09:53:15,284 - [DEBUG] - from net.sf.ehcache.Cache in play-internal-execution-context-1 
CacheWriter factory not configured. Skipping...

2014-09-15 09:53:15,286 - [DEBUG] - from net.sf.ehcache.config.ConfigurationHelper in play-internal-execution-context-1 
No CacheExceptionHandlerFactory class specified. Skipping...

2014-09-15 09:53:15,305 - [DEBUG] - from net.sf.ehcache.store.MemoryStore in play-internal-execution-context-1 
Initialized net.sf.ehcache.store.NotifyingMemoryStore for play

2014-09-15 09:53:15,310 - [DEBUG] - from net.sf.ehcache.Cache in play-internal-execution-context-1 
Initialised cache: play

2014-09-15 09:53:15,310 - [DEBUG] - from net.sf.ehcache.config.ConfigurationHelper in play-internal-execution-context-1 
CacheDecoratorFactory not configured for defaultCache. Skipping for 'play'.

2014-09-15 09:53:15,449 - [DEBUG] - from org.bson.ObjectId in play-internal-execution-context-1 
machine piece post: 84ae0000

2014-09-15 09:53:15,486 - [DEBUG] - from org.bson.ObjectId in play-internal-execution-context-1 
process piece: 96d5

2014-09-15 09:53:15,486 - [DEBUG] - from org.bson.ObjectId in play-internal-execution-context-1 
machine : 84ae96d5

2014-09-15 09:53:15,524 - [DEBUG] - from javax.management.mbeanserver in play-internal-execution-context-1 
ObjectName = JMImplementation:type=MBeanServerDelegate

2014-09-15 09:53:15,525 - [DEBUG] - from javax.management.mbeanserver in play-internal-execution-context-1 
name = JMImplementation:type=MBeanServerDelegate

2014-09-15 09:53:15,525 - [DEBUG] - from javax.management.mbeanserver in play-internal-execution-context-1 
Send create notification of object JMImplementation:type=MBeanServerDelegate

2014-09-15 09:53:15,525 - [DEBUG] - from javax.management.mbeanserver in play-internal-execution-context-1 
JMX.mbean.registered JMImplementation:type=MBeanServerDelegate

2014-09-15 09:53:15,527 - [DEBUG] - from javax.management.mbeanserver in play-internal-execution-context-1 
 name = java.lang:type=ClassLoading

2014-09-15 09:53:15,538 - [DEBUG] - from javax.management.misc in play-internal-execution-context-1 
Building MBeanInfo for sun.management.ClassLoadingImpl

2014-09-15 09:53:15,538 - [DEBUG] - from javax.management.mbeanserver in play-internal-execution-context-1 
ObjectName = java.lang:type=ClassLoading

2014-09-15 09:53:15,539 - [DEBUG] - from javax.management.mbeanserver in play-internal-execution-context-1 
name = java.lang:type=ClassLoading

2014-09-15 09:53:15,539 - [DEBUG] - from javax.management.mbeanserver in play-internal-execution-context-1 
Send create notification of object java.lang:type=ClassLoading

2014-09-15 09:53:15,539 - [DEBUG] - from javax.management.mbeanserver in play-internal-execution-context-1 
JMX.mbean.registered java.lang:type=ClassLoading

2014-09-15 09:53:15,540 - [DEBUG] - from javax.management.mbeanserver in play-internal-execution-context-1 
 name = java.lang:type=Compilation

2014-09-15 09:53:15,540 - [DEBUG] - from javax.management.misc in play-internal-execution-context-1 
Building MBeanInfo for sun.management.CompilationImpl

2014-09-15 09:53:15,540 - [DEBUG] - from javax.management.mbeanserver in play-internal-execution-context-1 
ObjectName = java.lang:type=Compilation

2014-09-15 09:53:15,540 - [DEBUG] - from javax.management.mbeanserver in play-internal-execution-context-1 
name = java.lang:type=Compilation

2014-09-15 09:53:15,540 - [DEBUG] - from javax.management.mbeanserver in play-internal-execution-context-1 
Send create notification of object java.lang:type=Compilation

2014-09-15 09:53:15,541 - [DEBUG] - from javax.management.mbeanserver in play-internal-execution-context-1 
JMX.mbean.registered java.lang:type=Compilation

2014-09-15 09:53:15,541 - [DEBUG] - from javax.management.mbeanserver in play-internal-execution-context-1 
 name = java.lang:type=Memory

2014-09-15 09:53:15,543 - [DEBUG] - from javax.management.misc in play-internal-execution-context-1 
Building MBeanInfo for sun.management.MemoryImpl

2014-09-15 09:53:15,544 - [DEBUG] - from javax.management.mbeanserver in play-internal-execution-context-1 
ObjectName = java.lang:type=Memory

2014-09-15 09:53:15,544 - [DEBUG] - from javax.management.mbeanserver in play-internal-execution-context-1 
name = java.lang:type=Memory

2014-09-15 09:53:15,544 - [DEBUG] - from javax.management.mbeanserver in play-internal-execution-context-1 
Send create notification of object java.lang:type=Memory

2014-09-15 09:53:15,544 - [DEBUG] - from javax.management.mbeanserver in play-internal-execution-context-1 
JMX.mbean.registered java.lang:type=Memory

2014-09-15 09:53:15,546 - [DEBUG] - from javax.management.mbeanserver in play-internal-execution-context-1 
 name = java.lang:type=GarbageCollector,name=PS Scavenge

2014-09-15 09:53:15,548 - [DEBUG] - from javax.management.misc in play-internal-execution-context-1 
Building MBeanInfo for sun.management.GarbageCollectorImpl

2014-09-15 09:53:15,548 - [DEBUG] - from javax.management.mbeanserver in play-internal-execution-context-1 
ObjectName = java.lang:type=GarbageCollector,name=PS Scavenge

2014-09-15 09:53:15,549 - [DEBUG] - from javax.management.mbeanserver in play-internal-execution-context-1 
name = java.lang:type=GarbageCollector,name=PS Scavenge

2014-09-15 09:53:15,549 - [DEBUG] - from javax.management.mbeanserver in play-internal-execution-context-1 
Send create notification of object java.lang:name=PS Scavenge,type=GarbageCollector

2014-09-15 09:53:15,549 - [DEBUG] - from javax.management.mbeanserver in play-internal-execution-context-1 
JMX.mbean.registered java.lang:type=GarbageCollector,name=PS Scavenge

2014-09-15 09:53:15,549 - [DEBUG] - from javax.management.mbeanserver in play-internal-execution-context-1 
 name = java.lang:type=GarbageCollector,name=PS MarkSweep

2014-09-15 09:53:15,549 - [DEBUG] - from javax.management.misc in play-internal-execution-context-1 
Building MBeanInfo for sun.management.GarbageCollectorImpl

2014-09-15 09:53:15,549 - [DEBUG] - from javax.management.mbeanserver in play-internal-execution-context-1 
ObjectName = java.lang:type=GarbageCollector,name=PS MarkSweep

2014-09-15 09:53:15,549 - [DEBUG] - from javax.management.mbeanserver in play-internal-execution-context-1 
name = java.lang:type=GarbageCollector,name=PS MarkSweep

2014-09-15 09:53:15,549 - [DEBUG] - from javax.management.mbeanserver in play-internal-execution-context-1 
Send create notification of object java.lang:name=PS MarkSweep,type=GarbageCollector

2014-09-15 09:53:15,549 - [DEBUG] - from javax.management.mbeanserver in play-internal-execution-context-1 
JMX.mbean.registered java.lang:type=GarbageCollector,name=PS MarkSweep

2014-09-15 09:53:15,549 - [DEBUG] - from javax.management.mbeanserver in play-internal-execution-context-1 
 name = java.lang:type=MemoryManager,name=CodeCacheManager

2014-09-15 09:53:15,550 - [DEBUG] - from javax.management.misc in play-internal-execution-context-1 
Building MBeanInfo for sun.management.MemoryManagerImpl

2014-09-15 09:53:15,550 - [DEBUG] - from javax.management.mbeanserver in play-internal-execution-context-1 
ObjectName = java.lang:type=MemoryManager,name=CodeCacheManager

2014-09-15 09:53:15,550 - [DEBUG] - from javax.management.mbeanserver in play-internal-execution-context-1 
name = java.lang:type=MemoryManager,name=CodeCacheManager

2014-09-15 09:53:15,550 - [DEBUG] - from javax.management.mbeanserver in play-internal-execution-context-1 
Send create notification of object java.lang:name=CodeCacheManager,type=MemoryManager

2014-09-15 09:53:15,550 - [DEBUG] - from javax.management.mbeanserver in play-internal-execution-context-1 
JMX.mbean.registered java.lang:type=MemoryManager,name=CodeCacheManager

2014-09-15 09:53:15,550 - [DEBUG] - from javax.management.mbeanserver in play-internal-execution-context-1 
 name = java.lang:type=GarbageCollector,name=PS Scavenge

2014-09-15 09:53:15,550 - [DEBUG] - from javax.management.mbeanserver in play-internal-execution-context-1 
 name = java.lang:type=GarbageCollector,name=PS MarkSweep

2014-09-15 09:53:15,551 - [DEBUG] - from javax.management.mbeanserver in play-internal-execution-context-1 
 name = java.lang:type=MemoryPool,name=Code Cache

2014-09-15 09:53:15,552 - [DEBUG] - from javax.management.misc in play-internal-execution-context-1 
Building MBeanInfo for sun.management.MemoryPoolImpl

2014-09-15 09:53:15,552 - [DEBUG] - from javax.management.mbeanserver in play-internal-execution-context-1 
ObjectName = java.lang:type=MemoryPool,name=Code Cache

2014-09-15 09:53:15,552 - [DEBUG] - from javax.management.mbeanserver in play-internal-execution-context-1 
name = java.lang:type=MemoryPool,name=Code Cache

2014-09-15 09:53:15,552 - [DEBUG] - from javax.management.mbeanserver in play-internal-execution-context-1 
Send create notification of object java.lang:name=Code Cache,type=MemoryPool

2014-09-15 09:53:15,552 - [DEBUG] - from javax.management.mbeanserver in play-internal-execution-context-1 
JMX.mbean.registered java.lang:type=MemoryPool,name=Code Cache

2014-09-15 09:53:15,552 - [DEBUG] - from javax.management.mbeanserver in play-internal-execution-context-1 
 name = java.lang:type=MemoryPool,name=PS Eden Space

2014-09-15 09:53:15,553 - [DEBUG] - from javax.management.misc in play-internal-execution-context-1 
Building MBeanInfo for sun.management.MemoryPoolImpl

2014-09-15 09:53:15,553 - [DEBUG] - from javax.management.mbeanserver in play-internal-execution-context-1 
ObjectName = java.lang:type=MemoryPool,name=PS Eden Space

2014-09-15 09:53:15,553 - [DEBUG] - from javax.management.mbeanserver in play-internal-execution-context-1 
name = java.lang:type=MemoryPool,name=PS Eden Space

2014-09-15 09:53:15,553 - [DEBUG] - from javax.management.mbeanserver in play-internal-execution-context-1 
Send create notification of object java.lang:name=PS Eden Space,type=MemoryPool

2014-09-15 09:53:15,553 - [DEBUG] - from javax.management.mbeanserver in play-internal-execution-context-1 
JMX.mbean.registered java.lang:type=MemoryPool,name=PS Eden Space

2014-09-15 09:53:15,553 - [DEBUG] - from javax.management.mbeanserver in play-internal-execution-context-1 
 name = java.lang:type=MemoryPool,name=PS Survivor Space

2014-09-15 09:53:15,553 - [DEBUG] - from javax.management.misc in play-internal-execution-context-1 
Building MBeanInfo for sun.management.MemoryPoolImpl

2014-09-15 09:53:15,553 - [DEBUG] - from javax.management.mbeanserver in play-internal-execution-context-1 
ObjectName = java.lang:type=MemoryPool,name=PS Survivor Space

2014-09-15 09:53:15,553 - [DEBUG] - from javax.management.mbeanserver in play-internal-execution-context-1 
name = java.lang:type=MemoryPool,name=PS Survivor Space

2014-09-15 09:53:15,553 - [DEBUG] - from javax.management.mbeanserver in play-internal-execution-context-1 
Send create notification of object java.lang:name=PS Survivor Space,type=MemoryPool

2014-09-15 09:53:15,553 - [DEBUG] - from javax.management.mbeanserver in play-internal-execution-context-1 
JMX.mbean.registered java.lang:type=MemoryPool,name=PS Survivor Space

2014-09-15 09:53:15,553 - [DEBUG] - from javax.management.mbeanserver in play-internal-execution-context-1 
 name = java.lang:type=MemoryPool,name=PS Old Gen

2014-09-15 09:53:15,554 - [DEBUG] - from javax.management.misc in play-internal-execution-context-1 
Building MBeanInfo for sun.management.MemoryPoolImpl

2014-09-15 09:53:15,554 - [DEBUG] - from javax.management.mbeanserver in play-internal-execution-context-1 
ObjectName = java.lang:type=MemoryPool,name=PS Old Gen

2014-09-15 09:53:15,554 - [DEBUG] - from javax.management.mbeanserver in play-internal-execution-context-1 
name = java.lang:type=MemoryPool,name=PS Old Gen

2014-09-15 09:53:15,554 - [DEBUG] - from javax.management.mbeanserver in play-internal-execution-context-1 
Send create notification of object java.lang:name=PS Old Gen,type=MemoryPool

2014-09-15 09:53:15,554 - [DEBUG] - from javax.management.mbeanserver in play-internal-execution-context-1 
JMX.mbean.registered java.lang:type=MemoryPool,name=PS Old Gen

2014-09-15 09:53:15,554 - [DEBUG] - from javax.management.mbeanserver in play-internal-execution-context-1 
 name = java.lang:type=MemoryPool,name=PS Perm Gen

2014-09-15 09:53:15,554 - [DEBUG] - from javax.management.misc in play-internal-execution-context-1 
Building MBeanInfo for sun.management.MemoryPoolImpl

2014-09-15 09:53:15,554 - [DEBUG] - from javax.management.mbeanserver in play-internal-execution-context-1 
ObjectName = java.lang:type=MemoryPool,name=PS Perm Gen

2014-09-15 09:53:15,554 - [DEBUG] - from javax.management.mbeanserver in play-internal-execution-context-1 
name = java.lang:type=MemoryPool,name=PS Perm Gen

2014-09-15 09:53:15,554 - [DEBUG] - from javax.management.mbeanserver in play-internal-execution-context-1 
Send create notification of object java.lang:name=PS Perm Gen,type=MemoryPool

2014-09-15 09:53:15,554 - [DEBUG] - from javax.management.mbeanserver in play-internal-execution-context-1 
JMX.mbean.registered java.lang:type=MemoryPool,name=PS Perm Gen

2014-09-15 09:53:15,555 - [DEBUG] - from javax.management.mbeanserver in play-internal-execution-context-1 
 name = java.lang:type=OperatingSystem

2014-09-15 09:53:15,556 - [DEBUG] - from javax.management.misc in play-internal-execution-context-1 
Building MBeanInfo for com.sun.management.UnixOperatingSystem

2014-09-15 09:53:15,556 - [DEBUG] - from javax.management.mbeanserver in play-internal-execution-context-1 
ObjectName = java.lang:type=OperatingSystem

2014-09-15 09:53:15,556 - [DEBUG] - from javax.management.mbeanserver in play-internal-execution-context-1 
name = java.lang:type=OperatingSystem

2014-09-15 09:53:15,556 - [DEBUG] - from javax.management.mbeanserver in play-internal-execution-context-1 
Send create notification of object java.lang:type=OperatingSystem

2014-09-15 09:53:15,556 - [DEBUG] - from javax.management.mbeanserver in play-internal-execution-context-1 
JMX.mbean.registered java.lang:type=OperatingSystem

2014-09-15 09:53:15,556 - [DEBUG] - from javax.management.mbeanserver in play-internal-execution-context-1 
 name = java.lang:type=Runtime

2014-09-15 09:53:15,558 - [DEBUG] - from javax.management.misc in play-internal-execution-context-1 
Building MBeanInfo for sun.management.RuntimeImpl

2014-09-15 09:53:15,558 - [DEBUG] - from javax.management.mbeanserver in play-internal-execution-context-1 
ObjectName = java.lang:type=Runtime

2014-09-15 09:53:15,558 - [DEBUG] - from javax.management.mbeanserver in play-internal-execution-context-1 
name = java.lang:type=Runtime

2014-09-15 09:53:15,558 - [DEBUG] - from javax.management.mbeanserver in play-internal-execution-context-1 
Send create notification of object java.lang:type=Runtime

2014-09-15 09:53:15,558 - [DEBUG] - from javax.management.mbeanserver in play-internal-execution-context-1 
JMX.mbean.registered java.lang:type=Runtime

2014-09-15 09:53:15,559 - [DEBUG] - from javax.management.mbeanserver in play-internal-execution-context-1 
 name = java.lang:type=Threading

2014-09-15 09:53:15,562 - [DEBUG] - from javax.management.misc in play-internal-execution-context-1 
Building MBeanInfo for sun.management.ThreadImpl

2014-09-15 09:53:15,562 - [DEBUG] - from javax.management.mbeanserver in play-internal-execution-context-1 
ObjectName = java.lang:type=Threading

2014-09-15 09:53:15,562 - [DEBUG] - from javax.management.mbeanserver in play-internal-execution-context-1 
name = java.lang:type=Threading

2014-09-15 09:53:15,563 - [DEBUG] - from javax.management.mbeanserver in play-internal-execution-context-1 
Send create notification of object java.lang:type=Threading

2014-09-15 09:53:15,563 - [DEBUG] - from javax.management.mbeanserver in play-internal-execution-context-1 
JMX.mbean.registered java.lang:type=Threading

2014-09-15 09:53:15,563 - [DEBUG] - from javax.management.mbeanserver in play-internal-execution-context-1 
 name = java.util.logging:type=Logging

2014-09-15 09:53:15,564 - [DEBUG] - from javax.management.misc in play-internal-execution-context-1 
Building MBeanInfo for sun.management.ManagementFactoryHelper$PlatformLoggingImpl

2014-09-15 09:53:15,564 - [DEBUG] - from javax.management.mbeanserver in play-internal-execution-context-1 
ObjectName = java.util.logging:type=Logging

2014-09-15 09:53:15,564 - [DEBUG] - from javax.management.mbeanserver in play-internal-execution-context-1 
name = java.util.logging:type=Logging

2014-09-15 09:53:15,565 - [DEBUG] - from javax.management.mbeanserver in play-internal-execution-context-1 
Send create notification of object java.util.logging:type=Logging

2014-09-15 09:53:15,565 - [DEBUG] - from javax.management.mbeanserver in play-internal-execution-context-1 
JMX.mbean.registered java.util.logging:type=Logging

2014-09-15 09:53:15,565 - [DEBUG] - from javax.management.mbeanserver in play-internal-execution-context-1 
 name = java.nio:type=BufferPool,name=direct

2014-09-15 09:53:15,565 - [DEBUG] - from javax.management.misc in play-internal-execution-context-1 
Building MBeanInfo for sun.management.ManagementFactoryHelper$1

2014-09-15 09:53:15,566 - [DEBUG] - from javax.management.mbeanserver in play-internal-execution-context-1 
ObjectName = java.nio:type=BufferPool,name=direct

2014-09-15 09:53:15,566 - [DEBUG] - from javax.management.mbeanserver in play-internal-execution-context-1 
name = java.nio:type=BufferPool,name=direct

2014-09-15 09:53:15,566 - [DEBUG] - from javax.management.mbeanserver in play-internal-execution-context-1 
Send create notification of object java.nio:name=direct,type=BufferPool

2014-09-15 09:53:15,566 - [DEBUG] - from javax.management.mbeanserver in play-internal-execution-context-1 
JMX.mbean.registered java.nio:type=BufferPool,name=direct

2014-09-15 09:53:15,566 - [DEBUG] - from javax.management.mbeanserver in play-internal-execution-context-1 
 name = java.nio:type=BufferPool,name=mapped

2014-09-15 09:53:15,566 - [DEBUG] - from javax.management.misc in play-internal-execution-context-1 
Building MBeanInfo for sun.management.ManagementFactoryHelper$1

2014-09-15 09:53:15,566 - [DEBUG] - from javax.management.mbeanserver in play-internal-execution-context-1 
ObjectName = java.nio:type=BufferPool,name=mapped

2014-09-15 09:53:15,566 - [DEBUG] - from javax.management.mbeanserver in play-internal-execution-context-1 
name = java.nio:type=BufferPool,name=mapped

2014-09-15 09:53:15,566 - [DEBUG] - from javax.management.mbeanserver in play-internal-execution-context-1 
Send create notification of object java.nio:name=mapped,type=BufferPool

2014-09-15 09:53:15,566 - [DEBUG] - from javax.management.mbeanserver in play-internal-execution-context-1 
JMX.mbean.registered java.nio:type=BufferPool,name=mapped

2014-09-15 09:53:15,566 - [DEBUG] - from javax.management.mbeanserver in play-internal-execution-context-1 
 name = java.lang:type=GarbageCollector,name=PS Scavenge

2014-09-15 09:53:15,567 - [DEBUG] - from javax.management.mbeanserver in play-internal-execution-context-1 
 name = java.lang:type=GarbageCollector,name=PS MarkSweep

2014-09-15 09:53:15,567 - [DEBUG] - from javax.management.mbeanserver in play-internal-execution-context-1 
 name = java.lang:type=OperatingSystem

2014-09-15 09:53:15,567 - [DEBUG] - from javax.management.mbeanserver in play-internal-execution-context-1 
 name = java.lang:type=OperatingSystem

2014-09-15 09:53:15,567 - [DEBUG] - from javax.management.mbeanserver in play-internal-execution-context-1 
 name = com.sun.management:type=HotSpotDiagnostic

2014-09-15 09:53:15,568 - [DEBUG] - from javax.management.misc in play-internal-execution-context-1 
Building MBeanInfo for sun.management.HotSpotDiagnostic

2014-09-15 09:53:15,568 - [DEBUG] - from javax.management.mbeanserver in play-internal-execution-context-1 
ObjectName = com.sun.management:type=HotSpotDiagnostic

2014-09-15 09:53:15,568 - [DEBUG] - from javax.management.mbeanserver in play-internal-execution-context-1 
name = com.sun.management:type=HotSpotDiagnostic

2014-09-15 09:53:15,568 - [DEBUG] - from javax.management.mbeanserver in play-internal-execution-context-1 
Send create notification of object com.sun.management:type=HotSpotDiagnostic

2014-09-15 09:53:15,569 - [DEBUG] - from javax.management.mbeanserver in play-internal-execution-context-1 
JMX.mbean.registered com.sun.management:type=HotSpotDiagnostic

2014-09-15 09:53:15,573 - [DEBUG] - from javax.management.mbeanserver in play-internal-execution-context-1 
 name = com.mongodb:type=ConnectionPool,host=127.0.0.1,port=27017,instance=578049014

2014-09-15 09:53:15,573 - [DEBUG] - from javax.management.mbeanserver in play-internal-execution-context-1 
ObjectName = com.mongodb:type=ConnectionPool,host=127.0.0.1,port=27017,instance=578049014

2014-09-15 09:53:15,573 - [DEBUG] - from javax.management.mbeanserver in play-internal-execution-context-1 
name = com.mongodb:type=ConnectionPool,host=127.0.0.1,port=27017,instance=578049014

2014-09-15 09:53:15,573 - [DEBUG] - from javax.management.mbeanserver in play-internal-execution-context-1 
Send create notification of object com.mongodb:host=127.0.0.1,instance=578049014,port=27017,type=ConnectionPool

2014-09-15 09:53:15,573 - [DEBUG] - from javax.management.mbeanserver in play-internal-execution-context-1 
JMX.mbean.registered com.mongodb:type=ConnectionPool,host=127.0.0.1,port=27017,instance=578049014

2014-09-15 09:53:15,581 - [INFO] - from play in play-internal-execution-context-1 
Application started (Dev)

2014-09-15 09:53:15,821 - [INFO] - from akka.event.slf4j.Slf4jLogger in play-akka.actor.default-dispatcher-2 
Slf4jLogger started

2014-09-15 09:53:16,198 - [DEBUG] - from org.springframework.beans.CachedIntrospectionResults in play-akka.actor.default-dispatcher-2 
Not strongly caching class [controllers.Application$Login] because it is not cache-safe

2014-09-15 09:53:16,244 - [DEBUG] - from org.jboss.logging in play-akka.actor.default-dispatcher-2 
Logging Provider: org.jboss.logging.Slf4jLoggerProvider

2014-09-15 09:53:16,245 - [INFO] - from org.hibernate.validator.internal.util.Version in play-akka.actor.default-dispatcher-2 
HV000001: Hibernate Validator 5.0.1.Final

2014-09-15 09:53:16,258 - [DEBUG] - from org.hibernate.validator.internal.engine.resolver.DefaultTraversableResolver in play-akka.actor.default-dispatcher-2 
Found javax.persistence.Persistence on classpath containing 'getPersistenceUtil'. Assuming JPA 2 environment. Trying to instantiate JPA aware TraversableResolver

2014-09-15 09:53:16,259 - [DEBUG] - from org.hibernate.validator.internal.engine.resolver.DefaultTraversableResolver in play-akka.actor.default-dispatcher-2 
Instantiated JPA aware TraversableResolver of type org.hibernate.validator.internal.engine.resolver.JPATraversableResolver.

2014-09-15 09:53:16,265 - [DEBUG] - from org.hibernate.validator.internal.xml.ValidationXmlParser in play-akka.actor.default-dispatcher-2 
Trying to load META-INF/validation.xml for XML based Validator configuration.

2014-09-15 09:53:16,270 - [DEBUG] - from org.hibernate.validator.internal.xml.ValidationXmlParser in play-akka.actor.default-dispatcher-2 
No META-INF/validation.xml found. Using annotation based configuration only.

2014-09-15 09:53:36,438 - [DEBUG] - from javax.management.mbeanserver in pool-4-thread-3 
 name = com.mongodb:type=ConnectionPool,host=127.0.0.1,port=27017,instance=578049014

2014-09-15 09:53:36,438 - [DEBUG] - from javax.management.mbeanserver in pool-4-thread-3 
name = com.mongodb:type=ConnectionPool,host=127.0.0.1,port=27017,instance=578049014

2014-09-15 09:53:36,438 - [DEBUG] - from javax.management.mbeanserver in pool-4-thread-3 
name = com.mongodb:type=ConnectionPool,host=127.0.0.1,port=27017,instance=578049014

2014-09-15 09:53:36,438 - [DEBUG] - from javax.management.mbeanserver in pool-4-thread-3 
Send delete notification of object com.mongodb:host=127.0.0.1,instance=578049014,port=27017,type=ConnectionPool

2014-09-15 09:53:36,439 - [DEBUG] - from javax.management.mbeanserver in pool-4-thread-3 
JMX.mbean.unregistered com.mongodb:type=ConnectionPool,host=127.0.0.1,port=27017,instance=578049014

